\BOOKMARK [1][-]{section.1}{\376\377\006\047\006\314\006\054\006\047\006\057\000\040\006\104\006\314\006\063\006\052\000\040\006\061\006\110\006\314\006\057\006\047\006\057\000\040\006\251\006\057\006\107\006\047\006\314\000\040\006\061\006\110\006\314\006\057\006\047\006\057}{}% 1
\BOOKMARK [1][-]{section.2}{\376\377\006\314\006\047\006\101\006\052\006\106\000\040\006\062\006\105\006\047\006\106\000\040\006\176\006\047\006\063\006\056\000\040\006\050\006\061\006\047\006\314\000\040\006\061\006\057\006\314\006\101\000\040\006\365\000\040\000\050\006\251\006\057\000\040\006\061\006\110\006\314\006\057\006\047\006\057\000\040\006\362\006\360\006\361\000\051}{}% 2
\BOOKMARK [1][-]{section.3}{\376\377\006\047\006\056\006\052\006\065\006\047\006\065\000\040\006\061\006\110\006\314\006\057\006\047\006\057\006\107\006\047\000\040\006\050\006\107\000\040\000b\000i\000n\006\107\006\047}{}% 3
\BOOKMARK [2][-]{subsection.3.1}{\376\377\006\052\006\071\006\057\006\047\006\057\000\040\006\061\006\110\006\314\006\057\006\047\006\057\006\107\006\047\000\040\006\057\006\061\000\040\006\107\006\061\000\040\000b\000i\000n}{section.3}% 4
\BOOKMARK [1][-]{section.4}{\376\377\006\057\006\110\006\061\006\107\040\014\006\050\006\106\006\057\006\314\000\040\006\057\006\047\006\057\006\107\040\014\006\107\006\047\000\040\006\110\000\040\006\047\006\071\006\105\006\047\006\104\000\040\006\052\006\065\006\055\006\314\006\055\000\040\006\056\006\067\000\040\006\176\006\047\006\314\006\107}{}% 5
\BOOKMARK [1][-]{section.5}{\376\377\006\105\006\055\006\047\006\063\006\050\006\107\000\040\006\105\006\314\006\047\006\106\006\257\006\314\006\106\000\040\000E\000R\000P\006\107\006\047}{}% 6
\BOOKMARK [2][-]{subsection.5.1}{\376\377\006\061\006\063\006\105\000\040\000E\000R\000P\006\107\006\047}{section.5}% 7
\BOOKMARK [3][-]{subsubsection.5.1.1}{\376\377\000b\000i\000n\006\107\006\047\006\314\000\040\006\361\000\040\006\110\000\040\006\362\000\040\006\050\006\047\000\040\006\107\006\105}{subsection.5.1}% 8
\BOOKMARK [3][-]{subsubsection.5.1.2}{\376\377\000b\000i\000n\006\107\006\047\006\314\000\040\006\363\000\040\006\110\000\040\006\364\000\040\006\050\006\047\000\040\006\107\006\105}{subsection.5.1}% 9
\BOOKMARK [1][-]{section.6}{\376\377\006\047\006\314\006\054\006\047\006\057\000\040\000b\000i\000n\000\040\006\047\006\066\006\047\006\101\006\314\000\040\000\050\000b\000i\000n\000\040\0005\000\051}{}% 10
\BOOKMARK [2][-]{subsection.6.1}{\376\377\006\061\006\063\006\105\000\040\000b\000i\000n\000\040\0005}{section.6}% 11
\BOOKMARK [2][-]{subsection.6.2}{\376\377\006\052\006\110\006\066\006\314\006\055\000\040\006\047\006\067\006\104\006\047\006\071\006\047\006\052\000\040\006\102\006\047\006\050\006\104\000\040\006\047\006\063\006\052\006\106\006\052\006\047\006\054\000\040\006\047\006\062\000\040\006\105\006\110\006\054\000\040\006\052\006\101\006\047\006\066\006\104\006\314}{section.6}% 12
\BOOKMARK [3][-]{subsubsection.6.2.1}{\376\377\000b\000i\000n\000\040\0005\000\040\000\050\006\105\006\110\006\054\000\040\006\052\006\101\006\047\006\066\006\104\006\314\000\051\000\040\006\206\006\314\006\063\006\052\006\037\000\040\000-\000\040\006\047\006\067\006\104\006\047\006\071\006\047\006\052\000\040\006\055\006\314\006\047\006\052\006\314}{subsection.6.2}% 13
\BOOKMARK [2][-]{subsection.6.3}{\376\377\006\052\006\055\006\104\006\314\006\104\000\040\006\057\006\102\006\314\006\102\000\040\006\251\006\047\006\106\006\047\006\104\000\040\000P\0007\000\040\000-\000\040\000b\000i\000n\006\107\006\047\006\314\000\040\006\363\006\014\000\040\006\364\000\040\006\110\000\040\006\365}{section.6}% 14
\BOOKMARK [3][-]{subsubsection.6.3.1}{\376\377\006\105\006\044\006\104\006\101\006\107\040\014\006\107\006\047\006\314\000\040\006\102\006\047\006\050\006\104\000\040\006\105\006\064\006\047\006\107\006\057\006\107\000\040\006\057\006\061\000\040\006\064\006\251\006\104\000\040\006\105\006\110\006\054\000\040\000P\0007}{subsection.6.3}% 15
\BOOKMARK [3][-]{subsubsection.6.3.2}{\376\377\006\052\006\101\006\047\006\110\006\052\040\014\006\107\006\047\006\314\000\040\006\050\006\314\006\106\000\040\000b\000i\000n\006\107\006\047\006\314\000\040\006\363\000\040\006\110\000\040\006\364\000\040\006\057\006\061\000\040\000P\0007}{subsection.6.3}% 16
\BOOKMARK [3][-]{subsubsection.6.3.3}{\376\377\006\042\006\106\006\206\006\107\000\040\000b\000i\000n\000\040\0005\000\040\006\050\006\107\000\040\006\105\006\047\000\040\006\105\006\314\040\014\006\257\006\110\006\314\006\057\000\040\000-\000\040\006\105\006\110\006\054\000\040\006\052\006\101\006\047\006\066\006\104\006\314}{subsection.6.3}% 17
\BOOKMARK [2][-]{subsection.6.4}{\376\377\006\052\006\065\006\110\006\314\006\061\000\040\006\257\006\063\006\052\006\061\006\057\006\107\040\014\006\052\006\061\000\040\006\047\006\062\000\040\006\052\006\105\006\047\006\105\000\040\006\251\006\047\006\106\006\047\006\104\040\014\006\107\006\047}{section.6}% 18
\BOOKMARK [3][-]{subsubsection.6.4.1}{\376\377\006\054\006\057\006\110\006\104\000\040\006\056\006\104\006\047\006\065\006\107\000\040\000-\000\040\006\052\006\101\006\063\006\314\006\061\000\040\000P\0007}{subsection.6.4}% 19
\BOOKMARK [3][-]{subsubsection.6.4.2}{\376\377\006\047\006\314\006\106\000\040\006\050\006\061\006\047\006\314\000\040\006\105\006\067\006\047\006\104\006\071\006\107\000\040\000N\0004\0000\0000\000\040\006\064\006\105\006\047\000\040\006\050\006\107\000\040\006\206\006\107\000\040\006\105\006\071\006\106\006\047\006\063\006\052}{subsection.6.4}% 20
\BOOKMARK [3][-]{subsubsection.6.4.3}{\376\377\006\052\006\101\006\063\006\314\006\061\000\040\006\050\006\065\006\061\006\314\000\040\006\106\006\105\006\110\006\057\006\047\006\061\000\040\000P\0007\000\040\006\064\006\105\006\047}{subsection.6.4}% 21
\BOOKMARK [1][-]{section.7}{\376\377\006\052\006\055\006\104\006\314\006\104\000\040\006\057\006\102\006\314\006\102\000\040\000b\000i\000n\006\107\006\047\006\314\000\040\006\361\000\040\006\110\000\040\006\362\000\040\000\050\006\251\006\104\006\105\006\047\006\052\000\040\006\042\006\072\006\047\006\062\006\257\006\061\000\051\000\040\000-\000\040\006\052\006\105\006\047\006\105\000\040\006\251\006\047\006\106\006\047\006\104\040\014\006\107\006\047}{}% 22
\BOOKMARK [2][-]{subsection.7.1}{\376\377\006\052\006\071\006\047\006\061\006\314\006\101\000\040\000b\000i\000n}{section.7}% 23
\BOOKMARK [2][-]{subsection.7.2}{\376\377\006\314\006\047\006\101\006\052\006\107\000\040\006\105\006\107\006\105\000:\000\040\000b\000i\000n\006\107\006\047\006\314\000\040\006\361\000\040\006\110\000\040\006\362\000\040\006\052\006\102\006\061\006\314\006\050\006\047\006\113\000\040\006\314\006\251\006\063\006\047\006\106\000\040\006\107\006\063\006\052\006\106\006\057}{section.7}% 24
\BOOKMARK [2][-]{subsection.7.3}{\376\377\006\052\006\055\006\104\006\314\006\104\000\040\006\251\006\047\006\106\006\047\006\104\000\040\006\050\006\107\000\040\006\251\006\047\006\106\006\047\006\104}{section.7}% 25
\BOOKMARK [3][-]{subsubsection.7.3.1}{\376\377\006\251\006\047\006\106\006\047\006\104\040\014\006\107\006\047\006\314\000\040\006\176\006\314\006\064\006\047\006\106\006\314}{subsection.7.3}% 26
\BOOKMARK [3][-]{subsubsection.7.3.2}{\376\377\006\251\006\047\006\106\006\047\006\104\040\014\006\107\006\047\006\314\000\040\006\176\006\314\006\064\006\047\006\106\006\314\000-\006\105\006\061\006\251\006\062\006\314}{subsection.7.3}% 27
\BOOKMARK [3][-]{subsubsection.7.3.3}{\376\377\006\251\006\047\006\106\006\047\006\104\040\014\006\107\006\047\006\314\000\040\006\105\006\061\006\251\006\062\006\314}{subsection.7.3}% 28
\BOOKMARK [3][-]{subsubsection.7.3.4}{\376\377\006\251\006\047\006\106\006\047\006\104\040\014\006\107\006\047\006\314\000\040\006\054\006\057\006\047\006\061\006\314}{subsection.7.3}% 29
\BOOKMARK [3][-]{subsubsection.7.3.5}{\376\377\006\251\006\047\006\106\006\047\006\104\040\014\006\107\006\047\006\314\000\040\006\056\006\104\006\101\006\314\000/\006\176\006\063\040\014\006\063\006\061\006\314\000\040\000-\000\040\006\314\006\047\006\101\006\052\006\107\000\040\006\251\006\104\006\314\006\057\006\314}{subsection.7.3}% 30
\BOOKMARK [3][-]{subsubsection.7.3.6}{\376\377\006\251\006\047\006\106\006\047\006\104\040\014\006\107\006\047\006\314\000\040\006\206\006\064\006\105\000\040\000\050\006\251\006\106\006\052\006\061\006\104\000\040\006\251\006\314\006\101\006\314\006\052\000\051}{subsection.7.3}% 31
\BOOKMARK [2][-]{subsection.7.4}{\376\377\006\052\006\101\006\063\006\314\006\061\000\040\006\042\006\105\006\047\006\061\006\314}{section.7}% 32
\BOOKMARK [2][-]{subsection.7.5}{\376\377\006\042\006\106\006\206\006\107\000\040\006\107\006\061\000\040\006\105\006\044\006\104\006\101\006\107\000\040\006\057\006\061\000\040\000b\000i\000n\006\107\006\047\006\314\000\040\006\361\000\040\006\110\000\040\006\362\000\040\006\106\006\064\006\047\006\106\000\040\006\105\006\314\040\014\006\057\006\107\006\057}{section.7}% 33
\BOOKMARK [3][-]{subsubsection.7.5.1}{\376\377\006\105\006\044\006\104\006\101\006\107\040\014\006\107\006\047\006\314\000\040\006\047\006\110\006\104\006\314\006\107\000\040\000\050\006\360\000-\006\361\006\365\006\360\000\040\006\105\006\314\006\104\006\314\040\014\006\053\006\047\006\106\006\314\006\107\000\051}{subsection.7.5}% 34
\BOOKMARK [3][-]{subsubsection.7.5.2}{\376\377\006\105\006\044\006\104\006\101\006\107\040\014\006\107\006\047\006\314\000\040\006\105\006\314\006\047\006\106\006\314\000\040\000\050\006\361\006\365\006\360\000-\006\363\006\360\006\360\000\040\006\105\006\314\006\104\006\314\040\014\006\053\006\047\006\106\006\314\006\107\000\051}{subsection.7.5}% 35
\BOOKMARK [3][-]{subsubsection.7.5.3}{\376\377\006\105\006\044\006\104\006\101\006\107\040\014\006\107\006\047\006\314\000\040\006\057\006\314\006\061\006\107\006\106\006\257\006\047\006\105\000\040\000\050\006\363\006\360\006\360\000-\006\367\006\360\006\360\000\040\006\105\006\314\006\104\006\314\040\014\006\053\006\047\006\106\006\314\006\107\000\051}{subsection.7.5}% 36
\BOOKMARK [2][-]{subsection.7.6}{\376\377\006\105\006\102\006\047\006\314\006\063\006\107\000:\000\040\006\206\006\061\006\047\000\040\000b\000i\000n\006\107\006\047\006\314\000\040\006\361\000\040\006\110\000\040\006\362\000\040\006\050\006\047\000\040\000b\000i\000n\006\107\006\047\006\314\000\040\006\363\000\040\006\110\000\040\006\364\000\040\006\105\006\052\006\101\006\047\006\110\006\052\000\040\006\107\006\063\006\052\006\106\006\057}{section.7}% 37
\BOOKMARK [2][-]{subsection.7.7}{\376\377\006\050\006\314\006\106\006\064\040\014\006\107\006\047\006\314\000\040\006\251\006\104\006\314\006\057\006\314\000\040\006\047\006\062\000\040\006\106\006\105\006\110\006\057\006\047\006\061\000\040\000b\000i\000n\006\107\006\047\006\314\000\040\006\361\000\040\006\110\000\040\006\362}{section.7}% 38
\BOOKMARK [3][-]{subsubsection.7.7.1}{\376\377\006\361\000.\000\040\006\071\006\057\006\105\000\040\006\176\006\314\006\064\040\014\006\050\006\314\006\106\006\314\000\040\006\105\006\071\006\106\006\047\006\314\006\314}{subsection.7.7}% 39
\BOOKMARK [3][-]{subsubsection.7.7.2}{\376\377\006\362\000.\000\040\006\251\006\314\006\101\006\314\006\052\000\040\006\057\006\047\006\057\006\107\000\040\006\071\006\047\006\104\006\314\000\040\006\047\006\063\006\052}{subsection.7.7}% 40
\BOOKMARK [3][-]{subsubsection.7.7.3}{\376\377\006\363\000.\000\040\006\105\006\044\006\104\006\101\006\107\040\014\006\107\006\047\006\314\000\040\006\047\006\110\006\104\006\314\006\107\000\040\006\072\006\047\006\104\006\050\000\040\006\107\006\063\006\052\006\106\006\057}{subsection.7.7}% 41
\BOOKMARK [3][-]{subsubsection.7.7.4}{\376\377\006\364\000.\000\040\006\176\006\061\006\057\006\047\006\062\006\064\000\040\006\050\006\065\006\061\006\314\000\040\006\052\006\105\006\314\006\062\000\040\006\047\006\063\006\052}{subsection.7.7}% 42
\BOOKMARK [3][-]{subsubsection.7.7.5}{\376\377\006\365\000.\000\040\006\047\006\071\006\052\006\050\006\047\006\061\006\063\006\106\006\054\006\314\000\040\006\067\006\061\006\047\006\055\006\314\000\040\006\042\006\062\006\105\006\047\006\314\006\064\006\314}{subsection.7.7}% 43
\BOOKMARK [2][-]{subsection.7.8}{\376\377\006\042\006\106\006\206\006\107\000\040\006\047\006\257\006\061\000\040\006\105\006\064\006\251\006\104\006\314\000\040\006\110\006\054\006\110\006\057\000\040\006\057\006\047\006\064\006\052\000\040\006\105\006\314\040\014\006\057\006\314\006\057\006\314\006\057}{section.7}% 44
\BOOKMARK [3][-]{subsubsection.7.8.1}{\376\377\006\047\006\257\006\061\000\040\006\064\006\061\006\251\006\052\040\014\006\251\006\106\006\106\006\057\006\257\006\047\006\106\000\040\006\176\006\314\006\064\040\014\006\050\006\314\006\106\006\314\000\040\006\105\006\314\040\014\006\251\006\061\006\057\006\106\006\057\000:}{subsection.7.8}% 45
\BOOKMARK [3][-]{subsubsection.7.8.2}{\376\377\006\047\006\257\006\061\000\040\006\105\006\065\006\106\006\110\006\071\006\047\006\052\000\040\006\110\006\054\006\110\006\057\000\040\006\057\006\047\006\064\006\052\000:}{subsection.7.8}% 46
\BOOKMARK [3][-]{subsubsection.7.8.3}{\376\377\006\047\006\257\006\061\000\040\006\047\006\053\006\061\006\047\006\052\000\040\006\056\006\047\006\065\000\040\006\052\006\251\006\104\006\314\006\101\000\040\006\110\006\054\006\110\006\057\000\040\006\057\006\047\006\064\006\052\000:}{subsection.7.8}% 47
\BOOKMARK [2][-]{subsection.7.9}{\376\377\006\054\006\057\006\110\006\104\000\040\006\056\006\104\006\047\006\065\006\107\000\040\000-\000\040\000b\000i\000n\006\107\006\047\006\314\000\040\006\361\000\040\006\110\000\040\006\362}{section.7}% 48
\BOOKMARK [2][-]{subsection.7.10}{\376\377\006\176\006\314\006\047\006\105\006\057\006\107\006\047\006\314\000\040\006\050\006\047\006\104\006\314\006\106\006\314\000/\006\176\006\230\006\110\006\107\006\064\006\314}{section.7}% 49
\BOOKMARK [3][-]{subsubsection.7.10.1}{\376\377\047\005\000\040\006\057\006\063\006\052\006\251\006\047\006\061\006\314\000\040\006\042\006\062\006\105\006\047\006\314\006\064\006\314\000\040\006\064\006\105\006\047\000\040\006\050\006\107\000\040\006\057\006\061\006\063\006\052\006\314\000\040\006\251\006\047\006\061\000\040\006\105\006\314\040\014\006\251\006\106\006\057\000:}{subsection.7.10}% 50
\BOOKMARK [3][-]{subsubsection.7.10.2}{\376\377\047\005\000\040\006\057\006\047\006\057\006\107\040\014\006\107\006\047\006\314\000\040\006\064\006\105\006\047\000\040\006\052\006\105\006\314\006\062\000\040\006\107\006\063\006\052\006\106\006\057\000:}{subsection.7.10}% 51
\BOOKMARK [3][-]{subsubsection.7.10.3}{\376\377\047\005\000\040\006\314\006\047\006\101\006\052\006\107\040\014\006\107\006\047\006\314\000\040\006\064\006\105\006\047\000\040\006\102\006\047\006\050\006\104\000\040\006\052\006\101\006\063\006\314\006\061\000\040\006\107\006\063\006\052\006\106\006\057\000:}{subsection.7.10}% 52
\BOOKMARK [2][-]{subsection.7.11}{\376\377\006\047\006\104\006\257\006\110\006\314\000\040\006\105\006\110\006\061\006\057\000\040\006\047\006\106\006\052\006\070\006\047\006\061\000\040\006\057\006\061\000\040\006\105\006\102\006\047\006\050\006\104\000\040\006\110\006\047\006\102\006\071\006\314}{section.7}% 53
\BOOKMARK [1][-]{section.8}{\376\377\006\257\006\062\006\047\006\061\006\064\000\040\006\251\006\314\006\101\006\314\006\052\000\040\006\057\006\047\006\057\006\107\000\040\000E\000R\000P\000L\000A\000B}{}% 54
\BOOKMARK [2][-]{subsection.8.1}{\376\377\006\052\006\055\006\104\006\314\006\104\000\040\000a\000S\000M\000E\000\040\000\050\006\056\006\067\006\047\006\314\000\040\006\047\006\106\006\057\006\047\006\062\006\107\040\014\006\257\006\314\006\061\006\314\000\040\006\047\006\063\006\052\006\047\006\106\006\057\006\047\006\061\006\057\006\064\006\057\006\107\000\040\006\052\006\055\006\104\006\314\006\104\006\314\000\051}{section.8}% 55
\BOOKMARK [3][-]{subsubsection.8.1.1}{\376\377\006\056\006\104\006\047\006\065\006\107\000\040\006\047\006\054\006\061\006\047\006\314\006\314}{subsection.8.1}% 56
\BOOKMARK [3][-]{subsubsection.8.1.2}{\376\377\006\314\006\047\006\101\006\052\006\107\040\014\006\107\006\047\006\314\000\040\006\251\006\104\006\314\006\057\006\314}{subsection.8.1}% 57
\BOOKMARK [2][-]{subsection.8.2}{\376\377\006\042\006\063\006\052\006\047\006\106\006\107\040\014\006\107\006\047\006\314\000\040\006\251\006\314\006\101\006\314\006\052\000\040\006\057\006\047\006\057\006\107\000\040\006\050\006\061\000\040\006\047\006\063\006\047\006\063\000\040\000b\000i\000n}{section.8}% 58
\BOOKMARK [2][-]{subsection.8.3}{\376\377\006\105\006\064\006\251\006\104\006\047\006\052\000\040\006\251\006\314\006\101\006\314\006\052\000\040\006\055\006\314\006\047\006\052\006\314}{section.8}% 59
\BOOKMARK [3][-]{subsubsection.8.3.1}{\376\377\000\040\006\251\006\047\006\106\006\047\006\104\000\040\000P\000O\0004\000\040\000-\000\040\006\106\006\314\006\047\006\062\000\040\006\050\006\107\000\040\006\052\006\110\006\054\006\107}{subsection.8.3}% 60
\BOOKMARK [3][-]{subsubsection.8.3.2}{\376\377\000\040\006\251\006\047\006\106\006\047\006\104\000\040\000O\000z\000\040\000-\000\040\006\106\006\070\006\047\006\061\006\052\000\040\006\057\006\102\006\314\006\102}{subsection.8.3}% 61
\BOOKMARK [2][-]{subsection.8.4}{\376\377\006\056\006\104\006\047\006\065\006\107\000\040\006\251\006\047\006\106\006\047\006\104\040\014\006\107\006\047\006\314\000\040\006\105\006\064\006\251\006\104\040\014\006\057\006\047\006\061}{section.8}% 62
\BOOKMARK [2][-]{subsection.8.5}{\376\377\006\052\006\055\006\104\006\314\006\104\000\040\006\176\006\106\006\054\006\061\006\107\000\040\006\062\006\105\006\047\006\106\006\314}{section.8}% 63
\BOOKMARK [2][-]{subsection.8.6}{\376\377\006\042\006\105\006\047\006\061\000\040\006\056\006\104\006\047\006\065\006\107}{section.8}% 64
\BOOKMARK [1][-]{section.9}{\376\377\006\106\006\052\006\314\006\054\006\107\040\014\006\257\006\314\006\061\006\314}{}% 65
